Build started 1/3/2013 7:04:42 PM.
     1>Project "E:\Projects\dm-density-estimation-plus\dm_density_cuda\dm_density_cuda.vcxproj" on node 2 (build target(s)).
     1>InitializeBuildStatus:
         Creating "Debug\dm_density_cuda.unsuccessfulbuild" because "AlwaysCreate" was specified.
       AddCudaCompileDeps:
       Skipping target "AddCudaCompileDeps" because all output files are up-to-date with respect to the input files.
       AddCudaCompilePropsDeps:
       Skipping target "AddCudaCompilePropsDeps" because all output files are up-to-date with respect to the input files.
       AddCudaCompilePropsDeps:
       Skipping target "AddCudaCompilePropsDeps" because all output files are up-to-date with respect to the input files.
       CudaBuild:
         Skipping CUDA source file src\tetrahedron.cu (excluded from build).
       CudaBuild:
       Skipping target "CudaBuild" because all output files are up-to-date with respect to the input files.
       ClCompile:
         c:\Program Files (x86)\Microsoft Visual Studio 10.0\VC\bin\CL.exe /c /I"C:\Program Files\NVIDIA GPU Computing Toolkit\CUDA\v5.0\include" /ZI /nologo /W3 /WX- /Od /Oy- /D _MBCS /Gm /EHsc /RTC1 /MDd /GS /fp:precise /Zc:wchar_t /Zc:forScope /Fo"Debug\\" /Fd"Debug\vc100.pdb" /Gd /TP /analyze- /errorReport:prompt src\readgadget.cpp
         readgadget.cpp
     1>e:\projects\dm-density-estimation-plus\dm_density_cuda\src\readgadget.cpp(41): warning C4244: '=' : conversion from 'double' to 'int', possible loss of data
       ManifestResourceCompile:
         All outputs are up-to-date.
       Link:
         c:\Program Files (x86)\Microsoft Visual Studio 10.0\VC\bin\link.exe /ERRORREPORT:PROMPT /OUT:"E:\Projects\dm-density-estimation-plus\dm_density_cuda\Debug\dm_density_cuda.exe" /INCREMENTAL /NOLOGO /LIBPATH:"C:\Program Files\NVIDIA GPU Computing Toolkit\CUDA\v5.0\lib\Win32" cudart.lib kernel32.lib user32.lib gdi32.lib winspool.lib comdlg32.lib advapi32.lib shell32.lib ole32.lib oleaut32.lib uuid.lib odbc32.lib odbccp32.lib kernel32.lib user32.lib gdi32.lib winspool.lib comdlg32.lib advapi32.lib shell32.lib ole32.lib oleaut32.lib uuid.lib odbc32.lib odbccp32.lib /MANIFEST /ManifestFile:"Debug\dm_density_cuda.exe.intermediate.manifest" /MANIFESTUAC:"level='asInvoker' uiAccess='false'" /DEBUG /PDB:"E:\Projects\dm-density-estimation-plus\dm_density_cuda\Debug\dm_density_cuda.pdb" /SUBSYSTEM:CONSOLE /TLBID:1 /DYNAMICBASE /NXCOMPAT /IMPLIB:"E:\Projects\dm-density-estimation-plus\dm_density_cuda\Debug\dm_density_cuda.lib" /MACHINE:X86 Debug\kernel.cu.obj
         Debug\dm_density_cuda.exe.embed.manifest.res
         Debug\estimator.obj
         Debug\grids.obj
         Debug\main.obj
         Debug\readgadget.obj
         Debug\tetrastream.obj
       Manifest:
         C:\Program Files (x86)\Microsoft SDKs\Windows\v7.0A\bin\mt.exe /nologo /verbose /out:"Debug\dm_density_cuda.exe.embed.manifest" /manifest Debug\dm_density_cuda.exe.intermediate.manifest
         All outputs are up-to-date.
       LinkEmbedManifest:
         All outputs are up-to-date.
         dm_density_cuda.vcxproj -> E:\Projects\dm-density-estimation-plus\dm_density_cuda\Debug\dm_density_cuda.exe
       PostBuildEvent:
         echo copy "C:\Program Files\NVIDIA GPU Computing Toolkit\CUDA\v5.0\bin\cudart*.dll" "E:\Projects\dm-density-estimation-plus\dm_density_cuda\Debug\"
         copy "C:\Program Files\NVIDIA GPU Computing Toolkit\CUDA\v5.0\bin\cudart*.dll" "E:\Projects\dm-density-estimation-plus\dm_density_cuda\Debug\"
         :VCEnd
         copy "C:\Program Files\NVIDIA GPU Computing Toolkit\CUDA\v5.0\bin\cudart*.dll" "E:\Projects\dm-density-estimation-plus\dm_density_cuda\Debug\"
         C:\Program Files\NVIDIA GPU Computing Toolkit\CUDA\v5.0\bin\cudart32_50_35.dll
         C:\Program Files\NVIDIA GPU Computing Toolkit\CUDA\v5.0\bin\cudart64_50_35.dll
                 2 file(s) copied.
       FinalizeBuildStatus:
         Deleting file "Debug\dm_density_cuda.unsuccessfulbuild".
         Touching "Debug\dm_density_cuda.lastbuildstate".
     1>Done Building Project "E:\Projects\dm-density-estimation-plus\dm_density_cuda\dm_density_cuda.vcxproj" (build target(s)).

Build succeeded.

Time Elapsed 00:00:01.10
