E:\Projects\dm-density-estimation-plus\dm_density_cuda\Debug\cl.command.1.tlog
E:\Projects\dm-density-estimation-plus\dm_density_cuda\Debug\CL.read.1.tlog
E:\Projects\dm-density-estimation-plus\dm_density_cuda\Debug\CL.write.1.tlog
E:\PROJECTS\DM-DENSITY-ESTIMATION-PLUS\DM_DENSITY_CUDA\DEBUG\DM_DENSITY_CUDA.EXE
E:\PROJECTS\DM-DENSITY-ESTIMATION-PLUS\DM_DENSITY_CUDA\DEBUG\DM_DENSITY_CUDA.EXE.EMBED.MANIFEST
E:\PROJECTS\DM-DENSITY-ESTIMATION-PLUS\DM_DENSITY_CUDA\DEBUG\DM_DENSITY_CUDA.EXE.EMBED.MANIFEST.RES
E:\PROJECTS\DM-DENSITY-ESTIMATION-PLUS\DM_DENSITY_CUDA\DEBUG\DM_DENSITY_CUDA.EXE.INTERMEDIATE.MANIFEST
E:\PROJECTS\DM-DENSITY-ESTIMATION-PLUS\DM_DENSITY_CUDA\DEBUG\DM_DENSITY_CUDA.ILK
E:\PROJECTS\DM-DENSITY-ESTIMATION-PLUS\DM_DENSITY_CUDA\DEBUG\DM_DENSITY_CUDA.PDB
E:\Projects\dm-density-estimation-plus\dm_density_cuda\Debug\dm_density_cuda_manifest.rc
E:\PROJECTS\DM-DENSITY-ESTIMATION-PLUS\DM_DENSITY_CUDA\DEBUG\ESTIMATOR.OBJ
E:\PROJECTS\DM-DENSITY-ESTIMATION-PLUS\DM_DENSITY_CUDA\DEBUG\GADGETREADER.OBJ
E:\PROJECTS\DM-DENSITY-ESTIMATION-PLUS\DM_DENSITY_CUDA\DEBUG\GADGETWRITER.OBJ
E:\PROJECTS\DM-DENSITY-ESTIMATION-PLUS\DM_DENSITY_CUDA\DEBUG\GRIDS.OBJ
E:\Projects\dm-density-estimation-plus\dm_density_cuda\Debug\kernel.cu.cache
E:\Projects\dm-density-estimation-plus\dm_density_cuda\Debug\kernel.cu.obj
E:\Projects\dm-density-estimation-plus\dm_density_cuda\Debug\link.77784.read.1.tlog
E:\Projects\dm-density-estimation-plus\dm_density_cuda\Debug\link.77784.write.1.tlog
E:\Projects\dm-density-estimation-plus\dm_density_cuda\Debug\link.77784-cvtres.read.1.tlog
E:\Projects\dm-density-estimation-plus\dm_density_cuda\Debug\link.77784-cvtres.write.1.tlog
E:\Projects\dm-density-estimation-plus\dm_density_cuda\Debug\link.command.1.tlog
E:\Projects\dm-density-estimation-plus\dm_density_cuda\Debug\link.read.1.tlog
E:\Projects\dm-density-estimation-plus\dm_density_cuda\Debug\link.write.1.tlog
E:\Projects\dm-density-estimation-plus\dm_density_cuda\Debug\link-cvtres.read.1.tlog
E:\Projects\dm-density-estimation-plus\dm_density_cuda\Debug\link-cvtres.write.1.tlog
E:\PROJECTS\DM-DENSITY-ESTIMATION-PLUS\DM_DENSITY_CUDA\DEBUG\MAIN.OBJ
E:\Projects\dm-density-estimation-plus\dm_density_cuda\Debug\mt.command.1.tlog
E:\Projects\dm-density-estimation-plus\dm_density_cuda\Debug\mt.read.1.tlog
E:\Projects\dm-density-estimation-plus\dm_density_cuda\Debug\mt.write.1.tlog
E:\Projects\dm-density-estimation-plus\dm_density_cuda\Debug\rc.command.1.tlog
E:\Projects\dm-density-estimation-plus\dm_density_cuda\Debug\rc.read.1.tlog
E:\Projects\dm-density-estimation-plus\dm_density_cuda\Debug\rc.write.1.tlog
E:\PROJECTS\DM-DENSITY-ESTIMATION-PLUS\DM_DENSITY_CUDA\DEBUG\READ_UTILS.OBJ
E:\Projects\dm-density-estimation-plus\dm_density_cuda\Debug\tetrahedron.cu.cache
E:\Projects\dm-density-estimation-plus\dm_density_cuda\Debug\tetrahedron.cu.obj
E:\PROJECTS\DM-DENSITY-ESTIMATION-PLUS\DM_DENSITY_CUDA\DEBUG\TETRASTREAM.OBJ
E:\Projects\dm-density-estimation-plus\dm_density_cuda\Debug\vc100.idb
E:\PROJECTS\DM-DENSITY-ESTIMATION-PLUS\DM_DENSITY_CUDA\DEBUG\VC100.PDB
